<?xml version="1.0" encoding="UTF-8"?>
<testng-results skipped="0" failed="0" ignored="3" total="4" passed="1">
  <reporter-output>
  </reporter-output>
  <suite name="Suite" duration-ms="30" started-at="2023-05-11T12:10:45Z" finished-at="2023-05-11T12:10:45Z">
    <groups>
      <group name="MI">
        <method signature="JenkinsCaseStudy2.m1()[pri:0, instance:com.jenkins.casestudy.JenkinsCaseStudy2@42e26948]" name="m1" class="com.jenkins.casestudy.JenkinsCaseStudy2"/>
      </group> <!-- MI -->
    </groups>
    <test name="Test" duration-ms="30" started-at="2023-05-11T12:10:45Z" finished-at="2023-05-11T12:10:45Z">
      <class name="com.jenkins.casestudy.JenkinsCaseStudy2">
        <test-method status="PASS" signature="m1()[pri:0, instance:com.jenkins.casestudy.JenkinsCaseStudy2@42e26948]" name="m1" duration-ms="10" started-at="2023-05-11T17:40:45Z" finished-at="2023-05-11T17:40:45Z">
          <reporter-output>
          </reporter-output>
        </test-method> <!-- m1 -->
      </class> <!-- com.jenkins.casestudy.JenkinsCaseStudy2 -->
    </test> <!-- Test -->
  </suite> <!-- Suite -->
</testng-results>
