<?xml version="1.0" encoding="UTF-8"?>
<!-- Generated by org.testng.reporters.JUnitXMLReporter -->
<testsuite ignored="0" hostname="DESKTOP-VA9V275" failures="0" tests="4" name="Test" time="0.077" errors="0" timestamp="2023-05-16T19:31:41 IST">
  <testcase classname="com.jenkins.casestudy.JenkinsCaseStudy2" name="apple1" time="0.011"/>
  <testcase classname="com.jenkins.casestudy.JenkinsCaseStudy2" name="lenova1" time="0.002"/>
  <testcase classname="com.jenkins.casestudy.JenkinsCaseStudy2" name="m1" time="0.001"/>
  <testcase classname="com.jenkins.casestudy.JenkinsCaseStudy2" name="motog1" time="0.002"/>
</testsuite> <!-- Test -->
