<?xml version="1.0" encoding="UTF-8"?>
<!-- Generated by org.testng.reporters.JUnitXMLReporter -->
<testsuite hostname="DESKTOP-VA9V275" ignored="3" name="Test" tests="1" failures="0" timestamp="11 May 2023 12:10:45 GMT" time="0.03" errors="0">
  <testcase name="m1" time="0.01" classname="com.jenkins.casestudy.JenkinsCaseStudy2"/>
  <testcase name="apple1" time="0.0" classname="com.jenkins.casestudy.JenkinsCaseStudy2">
    <ignored/>
  </testcase> <!-- apple1 -->
  <testcase name="lenova1" time="0.0" classname="com.jenkins.casestudy.JenkinsCaseStudy2">
    <ignored/>
  </testcase> <!-- lenova1 -->
  <testcase name="motog1" time="0.0" classname="com.jenkins.casestudy.JenkinsCaseStudy2">
    <ignored/>
  </testcase> <!-- motog1 -->
</testsuite> <!-- Test -->
